<?xml version="1.0" encoding="UTF-8"?>
<!-- Generated by org.testng.reporters.JUnitReportReporter -->
<testsuite hostname="Mrunmayee" failures="0" tests="1" name="testlayer.LoginPageTest" time="0.660" errors="0" timestamp="2024-12-11T22:25:41 IST" skipped="0">
  <testcase classname="testlayer.LoginPageTest" name="loginTest" time="0.660"/>
  <system-out/>
</testsuite> <!-- testlayer.LoginPageTest -->
